CRITICAL - 2021-06-23 02:12:19 --> Undefined variable: conn
#0 C:\xampp\htdocs\Assessment3PAWEB\app\Views\pages\barang.php(54): CodeIgniter\Debug\Exceptions->errorHandler(8, 'Undefined varia...', 'C:\\xampp\\htdocs...', 54, Array)
#1 C:\xampp\htdocs\Assessment3PAWEB\vendor\codeigniter4\framework\system\View\View.php(230): include('C:\\xampp\\htdocs...')
#2 C:\xampp\htdocs\Assessment3PAWEB\vendor\codeigniter4\framework\system\View\View.php(232): CodeIgniter\View\View->CodeIgniter\View\{closure}()
#3 C:\xampp\htdocs\Assessment3PAWEB\vendor\codeigniter4\framework\system\Common.php(1271): CodeIgniter\View\View->render('pages/barang', Array, true)
#4 C:\xampp\htdocs\Assessment3PAWEB\app\Controllers\Home.php(9): view('pages/barang')
#5 C:\xampp\htdocs\Assessment3PAWEB\vendor\codeigniter4\framework\system\CodeIgniter.php(928): App\Controllers\Home->index()
#6 C:\xampp\htdocs\Assessment3PAWEB\vendor\codeigniter4\framework\system\CodeIgniter.php(436): CodeIgniter\CodeIgniter->runController(Object(App\Controllers\Home))
#7 C:\xampp\htdocs\Assessment3PAWEB\vendor\codeigniter4\framework\system\CodeIgniter.php(336): CodeIgniter\CodeIgniter->handleRequest(NULL, Object(Config\Cache), false)
#8 C:\xampp\htdocs\Assessment3PAWEB\public\index.php(37): CodeIgniter\CodeIgniter->run()
#9 C:\xampp\htdocs\Assessment3PAWEB\vendor\codeigniter4\framework\system\Commands\Server\rewrite.php(45): require_once('C:\\xampp\\htdocs...')
#10 {main}
CRITICAL - 2021-06-23 02:13:04 --> Undefined variable: conn
#0 C:\xampp\htdocs\Assessment3PAWEB\app\Views\pages\barang.php(54): CodeIgniter\Debug\Exceptions->errorHandler(8, 'Undefined varia...', 'C:\\xampp\\htdocs...', 54, Array)
#1 C:\xampp\htdocs\Assessment3PAWEB\vendor\codeigniter4\framework\system\View\View.php(230): include('C:\\xampp\\htdocs...')
#2 C:\xampp\htdocs\Assessment3PAWEB\vendor\codeigniter4\framework\system\View\View.php(232): CodeIgniter\View\View->CodeIgniter\View\{closure}()
#3 C:\xampp\htdocs\Assessment3PAWEB\vendor\codeigniter4\framework\system\Common.php(1271): CodeIgniter\View\View->render('pages/barang', Array, true)
#4 C:\xampp\htdocs\Assessment3PAWEB\app\Controllers\Home.php(9): view('pages/barang')
#5 C:\xampp\htdocs\Assessment3PAWEB\vendor\codeigniter4\framework\system\CodeIgniter.php(928): App\Controllers\Home->index()
#6 C:\xampp\htdocs\Assessment3PAWEB\vendor\codeigniter4\framework\system\CodeIgniter.php(436): CodeIgniter\CodeIgniter->runController(Object(App\Controllers\Home))
#7 C:\xampp\htdocs\Assessment3PAWEB\vendor\codeigniter4\framework\system\CodeIgniter.php(336): CodeIgniter\CodeIgniter->handleRequest(NULL, Object(Config\Cache), false)
#8 C:\xampp\htdocs\Assessment3PAWEB\public\index.php(37): CodeIgniter\CodeIgniter->run()
#9 C:\xampp\htdocs\Assessment3PAWEB\vendor\codeigniter4\framework\system\Commands\Server\rewrite.php(45): require_once('C:\\xampp\\htdocs...')
#10 {main}
CRITICAL - 2021-06-23 02:13:56 --> Undefined variable: title
#0 C:\xampp\htdocs\Assessment3PAWEB\app\Views\layout\template.php(13): CodeIgniter\Debug\Exceptions->errorHandler(8, 'Undefined varia...', 'C:\\xampp\\htdocs...', 13, Array)
#1 C:\xampp\htdocs\Assessment3PAWEB\vendor\codeigniter4\framework\system\View\View.php(230): include('C:\\xampp\\htdocs...')
#2 C:\xampp\htdocs\Assessment3PAWEB\vendor\codeigniter4\framework\system\View\View.php(232): CodeIgniter\View\View->CodeIgniter\View\{closure}()
#3 C:\xampp\htdocs\Assessment3PAWEB\vendor\codeigniter4\framework\system\View\View.php(246): CodeIgniter\View\View->render('layout/template', Array, true)
#4 C:\xampp\htdocs\Assessment3PAWEB\vendor\codeigniter4\framework\system\Common.php(1271): CodeIgniter\View\View->render('pages/barang', Array, true)
#5 C:\xampp\htdocs\Assessment3PAWEB\app\Controllers\Home.php(9): view('pages/barang')
#6 C:\xampp\htdocs\Assessment3PAWEB\vendor\codeigniter4\framework\system\CodeIgniter.php(928): App\Controllers\Home->index()
#7 C:\xampp\htdocs\Assessment3PAWEB\vendor\codeigniter4\framework\system\CodeIgniter.php(436): CodeIgniter\CodeIgniter->runController(Object(App\Controllers\Home))
#8 C:\xampp\htdocs\Assessment3PAWEB\vendor\codeigniter4\framework\system\CodeIgniter.php(336): CodeIgniter\CodeIgniter->handleRequest(NULL, Object(Config\Cache), false)
#9 C:\xampp\htdocs\Assessment3PAWEB\public\index.php(37): CodeIgniter\CodeIgniter->run()
#10 C:\xampp\htdocs\Assessment3PAWEB\vendor\codeigniter4\framework\system\Commands\Server\rewrite.php(45): require_once('C:\\xampp\\htdocs...')
#11 {main}
CRITICAL - 2021-06-23 02:16:33 --> Undefined variable: paket
#0 C:\xampp\htdocs\Assessment3PAWEB\app\Views\pages\barang.php(33): CodeIgniter\Debug\Exceptions->errorHandler(8, 'Undefined varia...', 'C:\\xampp\\htdocs...', 33, Array)
#1 C:\xampp\htdocs\Assessment3PAWEB\vendor\codeigniter4\framework\system\View\View.php(230): include('C:\\xampp\\htdocs...')
#2 C:\xampp\htdocs\Assessment3PAWEB\vendor\codeigniter4\framework\system\View\View.php(232): CodeIgniter\View\View->CodeIgniter\View\{closure}()
#3 C:\xampp\htdocs\Assessment3PAWEB\vendor\codeigniter4\framework\system\Common.php(1271): CodeIgniter\View\View->render('pages/barang', Array, true)
#4 C:\xampp\htdocs\Assessment3PAWEB\app\Controllers\Home.php(12): view('pages/barang', Array)
#5 C:\xampp\htdocs\Assessment3PAWEB\vendor\codeigniter4\framework\system\CodeIgniter.php(928): App\Controllers\Home->index()
#6 C:\xampp\htdocs\Assessment3PAWEB\vendor\codeigniter4\framework\system\CodeIgniter.php(436): CodeIgniter\CodeIgniter->runController(Object(App\Controllers\Home))
#7 C:\xampp\htdocs\Assessment3PAWEB\vendor\codeigniter4\framework\system\CodeIgniter.php(336): CodeIgniter\CodeIgniter->handleRequest(NULL, Object(Config\Cache), false)
#8 C:\xampp\htdocs\Assessment3PAWEB\public\index.php(37): CodeIgniter\CodeIgniter->run()
#9 C:\xampp\htdocs\Assessment3PAWEB\vendor\codeigniter4\framework\system\Commands\Server\rewrite.php(45): require_once('C:\\xampp\\htdocs...')
#10 {main}
CRITICAL - 2021-06-23 03:24:15 --> Undefined variable: barang
#0 C:\xampp\htdocs\Assessment3PAWEB\app\Views\pages\barang.php(33): CodeIgniter\Debug\Exceptions->errorHandler(8, 'Undefined varia...', 'C:\\xampp\\htdocs...', 33, Array)
#1 C:\xampp\htdocs\Assessment3PAWEB\vendor\codeigniter4\framework\system\View\View.php(230): include('C:\\xampp\\htdocs...')
#2 C:\xampp\htdocs\Assessment3PAWEB\vendor\codeigniter4\framework\system\View\View.php(232): CodeIgniter\View\View->CodeIgniter\View\{closure}()
#3 C:\xampp\htdocs\Assessment3PAWEB\vendor\codeigniter4\framework\system\Common.php(1271): CodeIgniter\View\View->render('pages/barang', Array, true)
#4 C:\xampp\htdocs\Assessment3PAWEB\app\Controllers\Home.php(12): view('pages/barang', Array)
#5 C:\xampp\htdocs\Assessment3PAWEB\vendor\codeigniter4\framework\system\CodeIgniter.php(928): App\Controllers\Home->index()
#6 C:\xampp\htdocs\Assessment3PAWEB\vendor\codeigniter4\framework\system\CodeIgniter.php(436): CodeIgniter\CodeIgniter->runController(Object(App\Controllers\Home))
#7 C:\xampp\htdocs\Assessment3PAWEB\vendor\codeigniter4\framework\system\CodeIgniter.php(336): CodeIgniter\CodeIgniter->handleRequest(NULL, Object(Config\Cache), false)
#8 C:\xampp\htdocs\Assessment3PAWEB\public\index.php(37): CodeIgniter\CodeIgniter->run()
#9 C:\xampp\htdocs\Assessment3PAWEB\vendor\codeigniter4\framework\system\Commands\Server\rewrite.php(45): require_once('C:\\xampp\\htdocs...')
#10 {main}
CRITICAL - 2021-06-23 03:49:44 --> Undefined variable: p
#0 C:\xampp\htdocs\Assessment3PAWEB\app\Views\pages\barang.php(36): CodeIgniter\Debug\Exceptions->errorHandler(8, 'Undefined varia...', 'C:\\xampp\\htdocs...', 36, Array)
#1 C:\xampp\htdocs\Assessment3PAWEB\vendor\codeigniter4\framework\system\View\View.php(230): include('C:\\xampp\\htdocs...')
#2 C:\xampp\htdocs\Assessment3PAWEB\vendor\codeigniter4\framework\system\View\View.php(232): CodeIgniter\View\View->CodeIgniter\View\{closure}()
#3 C:\xampp\htdocs\Assessment3PAWEB\vendor\codeigniter4\framework\system\Common.php(1271): CodeIgniter\View\View->render('pages/barang', Array, true)
#4 C:\xampp\htdocs\Assessment3PAWEB\app\Controllers\Home.php(23): view('pages/barang', Array)
#5 C:\xampp\htdocs\Assessment3PAWEB\vendor\codeigniter4\framework\system\CodeIgniter.php(928): App\Controllers\Home->index()
#6 C:\xampp\htdocs\Assessment3PAWEB\vendor\codeigniter4\framework\system\CodeIgniter.php(436): CodeIgniter\CodeIgniter->runController(Object(App\Controllers\Home))
#7 C:\xampp\htdocs\Assessment3PAWEB\vendor\codeigniter4\framework\system\CodeIgniter.php(336): CodeIgniter\CodeIgniter->handleRequest(NULL, Object(Config\Cache), false)
#8 C:\xampp\htdocs\Assessment3PAWEB\public\index.php(37): CodeIgniter\CodeIgniter->run()
#9 C:\xampp\htdocs\Assessment3PAWEB\vendor\codeigniter4\framework\system\Commands\Server\rewrite.php(45): require_once('C:\\xampp\\htdocs...')
#10 {main}
CRITICAL - 2021-06-23 03:59:16 --> Undefined variable: pe
#0 C:\xampp\htdocs\Assessment3PAWEB\app\Views\pages\barang.php(42): CodeIgniter\Debug\Exceptions->errorHandler(8, 'Undefined varia...', 'C:\\xampp\\htdocs...', 42, Array)
#1 C:\xampp\htdocs\Assessment3PAWEB\vendor\codeigniter4\framework\system\View\View.php(230): include('C:\\xampp\\htdocs...')
#2 C:\xampp\htdocs\Assessment3PAWEB\vendor\codeigniter4\framework\system\View\View.php(232): CodeIgniter\View\View->CodeIgniter\View\{closure}()
#3 C:\xampp\htdocs\Assessment3PAWEB\vendor\codeigniter4\framework\system\Common.php(1271): CodeIgniter\View\View->render('pages/barang', Array, true)
#4 C:\xampp\htdocs\Assessment3PAWEB\app\Controllers\Home.php(23): view('pages/barang', Array)
#5 C:\xampp\htdocs\Assessment3PAWEB\vendor\codeigniter4\framework\system\CodeIgniter.php(928): App\Controllers\Home->index()
#6 C:\xampp\htdocs\Assessment3PAWEB\vendor\codeigniter4\framework\system\CodeIgniter.php(436): CodeIgniter\CodeIgniter->runController(Object(App\Controllers\Home))
#7 C:\xampp\htdocs\Assessment3PAWEB\vendor\codeigniter4\framework\system\CodeIgniter.php(336): CodeIgniter\CodeIgniter->handleRequest(NULL, Object(Config\Cache), false)
#8 C:\xampp\htdocs\Assessment3PAWEB\public\index.php(37): CodeIgniter\CodeIgniter->run()
#9 C:\xampp\htdocs\Assessment3PAWEB\vendor\codeigniter4\framework\system\Commands\Server\rewrite.php(45): require_once('C:\\xampp\\htdocs...')
#10 {main}
CRITICAL - 2021-06-23 05:55:52 --> Call to undefined method App\Models\BarangModel::getBarang
#0 C:\xampp\htdocs\Assessment3PAWEB\app\Controllers\Home.php(70): CodeIgniter\Model->__call('getBarang', Array)
#1 C:\xampp\htdocs\Assessment3PAWEB\vendor\codeigniter4\framework\system\CodeIgniter.php(928): App\Controllers\Home->edit('1')
#2 C:\xampp\htdocs\Assessment3PAWEB\vendor\codeigniter4\framework\system\CodeIgniter.php(436): CodeIgniter\CodeIgniter->runController(Object(App\Controllers\Home))
#3 C:\xampp\htdocs\Assessment3PAWEB\vendor\codeigniter4\framework\system\CodeIgniter.php(336): CodeIgniter\CodeIgniter->handleRequest(NULL, Object(Config\Cache), false)
#4 C:\xampp\htdocs\Assessment3PAWEB\public\index.php(37): CodeIgniter\CodeIgniter->run()
#5 C:\xampp\htdocs\Assessment3PAWEB\vendor\codeigniter4\framework\system\Commands\Server\rewrite.php(45): require_once('C:\\xampp\\htdocs...')
#6 {main}
CRITICAL - 2021-06-23 06:06:27 --> Trying to access array offset on value of type null
#0 C:\xampp\htdocs\Assessment3PAWEB\app\Views\pages\edit.php(18): CodeIgniter\Debug\Exceptions->errorHandler(8, 'Trying to acces...', 'C:\\xampp\\htdocs...', 18, Array)
#1 C:\xampp\htdocs\Assessment3PAWEB\vendor\codeigniter4\framework\system\View\View.php(230): include('C:\\xampp\\htdocs...')
#2 C:\xampp\htdocs\Assessment3PAWEB\vendor\codeigniter4\framework\system\View\View.php(232): CodeIgniter\View\View->CodeIgniter\View\{closure}()
#3 C:\xampp\htdocs\Assessment3PAWEB\vendor\codeigniter4\framework\system\Common.php(1271): CodeIgniter\View\View->render('pages/edit', Array, true)
#4 C:\xampp\htdocs\Assessment3PAWEB\app\Controllers\Home.php(72): view('pages/edit', Array)
#5 C:\xampp\htdocs\Assessment3PAWEB\vendor\codeigniter4\framework\system\CodeIgniter.php(928): App\Controllers\Home->edit('1')
#6 C:\xampp\htdocs\Assessment3PAWEB\vendor\codeigniter4\framework\system\CodeIgniter.php(436): CodeIgniter\CodeIgniter->runController(Object(App\Controllers\Home))
#7 C:\xampp\htdocs\Assessment3PAWEB\vendor\codeigniter4\framework\system\CodeIgniter.php(336): CodeIgniter\CodeIgniter->handleRequest(NULL, Object(Config\Cache), false)
#8 C:\xampp\htdocs\Assessment3PAWEB\public\index.php(37): CodeIgniter\CodeIgniter->run()
#9 C:\xampp\htdocs\Assessment3PAWEB\vendor\codeigniter4\framework\system\Commands\Server\rewrite.php(45): require_once('C:\\xampp\\htdocs...')
#10 {main}
CRITICAL - 2021-06-23 06:08:57 --> Call to undefined method App\Models\BarangModel::getBarang
#0 C:\xampp\htdocs\Assessment3PAWEB\app\Controllers\Home.php(70): CodeIgniter\Model->__call('getBarang', Array)
#1 C:\xampp\htdocs\Assessment3PAWEB\vendor\codeigniter4\framework\system\CodeIgniter.php(928): App\Controllers\Home->edit('1')
#2 C:\xampp\htdocs\Assessment3PAWEB\vendor\codeigniter4\framework\system\CodeIgniter.php(436): CodeIgniter\CodeIgniter->runController(Object(App\Controllers\Home))
#3 C:\xampp\htdocs\Assessment3PAWEB\vendor\codeigniter4\framework\system\CodeIgniter.php(336): CodeIgniter\CodeIgniter->handleRequest(NULL, Object(Config\Cache), false)
#4 C:\xampp\htdocs\Assessment3PAWEB\public\index.php(37): CodeIgniter\CodeIgniter->run()
#5 C:\xampp\htdocs\Assessment3PAWEB\vendor\codeigniter4\framework\system\Commands\Server\rewrite.php(45): require_once('C:\\xampp\\htdocs...')
#6 {main}
CRITICAL - 2021-06-23 06:17:41 --> Cannot use object of type App\Models\BarangModel as array
#0 C:\xampp\htdocs\Assessment3PAWEB\vendor\codeigniter4\framework\system\View\View.php(230): include()
#1 C:\xampp\htdocs\Assessment3PAWEB\vendor\codeigniter4\framework\system\View\View.php(232): CodeIgniter\View\View->CodeIgniter\View\{closure}()
#2 C:\xampp\htdocs\Assessment3PAWEB\vendor\codeigniter4\framework\system\Common.php(1271): CodeIgniter\View\View->render('pages/edit', Array, true)
#3 C:\xampp\htdocs\Assessment3PAWEB\app\Controllers\Home.php(72): view('pages/edit', Array)
#4 C:\xampp\htdocs\Assessment3PAWEB\vendor\codeigniter4\framework\system\CodeIgniter.php(928): App\Controllers\Home->edit('1')
#5 C:\xampp\htdocs\Assessment3PAWEB\vendor\codeigniter4\framework\system\CodeIgniter.php(436): CodeIgniter\CodeIgniter->runController(Object(App\Controllers\Home))
#6 C:\xampp\htdocs\Assessment3PAWEB\vendor\codeigniter4\framework\system\CodeIgniter.php(336): CodeIgniter\CodeIgniter->handleRequest(NULL, Object(Config\Cache), false)
#7 C:\xampp\htdocs\Assessment3PAWEB\public\index.php(37): CodeIgniter\CodeIgniter->run()
#8 C:\xampp\htdocs\Assessment3PAWEB\vendor\codeigniter4\framework\system\Commands\Server\rewrite.php(45): require_once('C:\\xampp\\htdocs...')
#9 {main}
CRITICAL - 2021-06-23 06:20:16 --> Cannot use object of type App\Models\BarangModel as array
#0 C:\xampp\htdocs\Assessment3PAWEB\vendor\codeigniter4\framework\system\View\View.php(230): include()
#1 C:\xampp\htdocs\Assessment3PAWEB\vendor\codeigniter4\framework\system\View\View.php(232): CodeIgniter\View\View->CodeIgniter\View\{closure}()
#2 C:\xampp\htdocs\Assessment3PAWEB\vendor\codeigniter4\framework\system\Common.php(1271): CodeIgniter\View\View->render('pages/edit', Array, true)
#3 C:\xampp\htdocs\Assessment3PAWEB\app\Controllers\Home.php(72): view('pages/edit', Array)
#4 C:\xampp\htdocs\Assessment3PAWEB\vendor\codeigniter4\framework\system\CodeIgniter.php(928): App\Controllers\Home->edit('1')
#5 C:\xampp\htdocs\Assessment3PAWEB\vendor\codeigniter4\framework\system\CodeIgniter.php(436): CodeIgniter\CodeIgniter->runController(Object(App\Controllers\Home))
#6 C:\xampp\htdocs\Assessment3PAWEB\vendor\codeigniter4\framework\system\CodeIgniter.php(336): CodeIgniter\CodeIgniter->handleRequest(NULL, Object(Config\Cache), false)
#7 C:\xampp\htdocs\Assessment3PAWEB\public\index.php(37): CodeIgniter\CodeIgniter->run()
#8 C:\xampp\htdocs\Assessment3PAWEB\vendor\codeigniter4\framework\system\Commands\Server\rewrite.php(45): require_once('C:\\xampp\\htdocs...')
#9 {main}
CRITICAL - 2021-06-23 06:20:21 --> Cannot use object of type App\Models\BarangModel as array
#0 C:\xampp\htdocs\Assessment3PAWEB\vendor\codeigniter4\framework\system\View\View.php(230): include()
#1 C:\xampp\htdocs\Assessment3PAWEB\vendor\codeigniter4\framework\system\View\View.php(232): CodeIgniter\View\View->CodeIgniter\View\{closure}()
#2 C:\xampp\htdocs\Assessment3PAWEB\vendor\codeigniter4\framework\system\Common.php(1271): CodeIgniter\View\View->render('pages/edit', Array, true)
#3 C:\xampp\htdocs\Assessment3PAWEB\app\Controllers\Home.php(72): view('pages/edit', Array)
#4 C:\xampp\htdocs\Assessment3PAWEB\vendor\codeigniter4\framework\system\CodeIgniter.php(928): App\Controllers\Home->edit('1')
#5 C:\xampp\htdocs\Assessment3PAWEB\vendor\codeigniter4\framework\system\CodeIgniter.php(436): CodeIgniter\CodeIgniter->runController(Object(App\Controllers\Home))
#6 C:\xampp\htdocs\Assessment3PAWEB\vendor\codeigniter4\framework\system\CodeIgniter.php(336): CodeIgniter\CodeIgniter->handleRequest(NULL, Object(Config\Cache), false)
#7 C:\xampp\htdocs\Assessment3PAWEB\public\index.php(37): CodeIgniter\CodeIgniter->run()
#8 C:\xampp\htdocs\Assessment3PAWEB\vendor\codeigniter4\framework\system\Commands\Server\rewrite.php(45): require_once('C:\\xampp\\htdocs...')
#9 {main}
CRITICAL - 2021-06-23 06:21:40 --> Cannot use object of type App\Models\BarangModel as array
#0 C:\xampp\htdocs\Assessment3PAWEB\vendor\codeigniter4\framework\system\View\View.php(230): include()
#1 C:\xampp\htdocs\Assessment3PAWEB\vendor\codeigniter4\framework\system\View\View.php(232): CodeIgniter\View\View->CodeIgniter\View\{closure}()
#2 C:\xampp\htdocs\Assessment3PAWEB\vendor\codeigniter4\framework\system\Common.php(1271): CodeIgniter\View\View->render('pages/edit', Array, true)
#3 C:\xampp\htdocs\Assessment3PAWEB\app\Controllers\Home.php(72): view('pages/edit', Array)
#4 C:\xampp\htdocs\Assessment3PAWEB\vendor\codeigniter4\framework\system\CodeIgniter.php(928): App\Controllers\Home->edit('1')
#5 C:\xampp\htdocs\Assessment3PAWEB\vendor\codeigniter4\framework\system\CodeIgniter.php(436): CodeIgniter\CodeIgniter->runController(Object(App\Controllers\Home))
#6 C:\xampp\htdocs\Assessment3PAWEB\vendor\codeigniter4\framework\system\CodeIgniter.php(336): CodeIgniter\CodeIgniter->handleRequest(NULL, Object(Config\Cache), false)
#7 C:\xampp\htdocs\Assessment3PAWEB\public\index.php(37): CodeIgniter\CodeIgniter->run()
#8 C:\xampp\htdocs\Assessment3PAWEB\vendor\codeigniter4\framework\system\Commands\Server\rewrite.php(45): require_once('C:\\xampp\\htdocs...')
#9 {main}
CRITICAL - 2021-06-23 06:25:31 --> Undefined index: id
#0 C:\xampp\htdocs\Assessment3PAWEB\app\Views\pages\edit.php(18): CodeIgniter\Debug\Exceptions->errorHandler(8, 'Undefined index...', 'C:\\xampp\\htdocs...', 18, Array)
#1 C:\xampp\htdocs\Assessment3PAWEB\vendor\codeigniter4\framework\system\View\View.php(230): include('C:\\xampp\\htdocs...')
#2 C:\xampp\htdocs\Assessment3PAWEB\vendor\codeigniter4\framework\system\View\View.php(232): CodeIgniter\View\View->CodeIgniter\View\{closure}()
#3 C:\xampp\htdocs\Assessment3PAWEB\vendor\codeigniter4\framework\system\Common.php(1271): CodeIgniter\View\View->render('pages/edit', Array, true)
#4 C:\xampp\htdocs\Assessment3PAWEB\app\Controllers\Home.php(72): view('pages/edit', Array)
#5 C:\xampp\htdocs\Assessment3PAWEB\vendor\codeigniter4\framework\system\CodeIgniter.php(928): App\Controllers\Home->edit('1')
#6 C:\xampp\htdocs\Assessment3PAWEB\vendor\codeigniter4\framework\system\CodeIgniter.php(436): CodeIgniter\CodeIgniter->runController(Object(App\Controllers\Home))
#7 C:\xampp\htdocs\Assessment3PAWEB\vendor\codeigniter4\framework\system\CodeIgniter.php(336): CodeIgniter\CodeIgniter->handleRequest(NULL, Object(Config\Cache), false)
#8 C:\xampp\htdocs\Assessment3PAWEB\public\index.php(37): CodeIgniter\CodeIgniter->run()
#9 C:\xampp\htdocs\Assessment3PAWEB\vendor\codeigniter4\framework\system\Commands\Server\rewrite.php(45): require_once('C:\\xampp\\htdocs...')
#10 {main}
CRITICAL - 2021-06-23 06:26:03 --> Undefined index: id
#0 C:\xampp\htdocs\Assessment3PAWEB\app\Views\pages\edit.php(18): CodeIgniter\Debug\Exceptions->errorHandler(8, 'Undefined index...', 'C:\\xampp\\htdocs...', 18, Array)
#1 C:\xampp\htdocs\Assessment3PAWEB\vendor\codeigniter4\framework\system\View\View.php(230): include('C:\\xampp\\htdocs...')
#2 C:\xampp\htdocs\Assessment3PAWEB\vendor\codeigniter4\framework\system\View\View.php(232): CodeIgniter\View\View->CodeIgniter\View\{closure}()
#3 C:\xampp\htdocs\Assessment3PAWEB\vendor\codeigniter4\framework\system\Common.php(1271): CodeIgniter\View\View->render('pages/edit', Array, true)
#4 C:\xampp\htdocs\Assessment3PAWEB\app\Controllers\Home.php(72): view('pages/edit', Array)
#5 C:\xampp\htdocs\Assessment3PAWEB\vendor\codeigniter4\framework\system\CodeIgniter.php(928): App\Controllers\Home->edit('1')
#6 C:\xampp\htdocs\Assessment3PAWEB\vendor\codeigniter4\framework\system\CodeIgniter.php(436): CodeIgniter\CodeIgniter->runController(Object(App\Controllers\Home))
#7 C:\xampp\htdocs\Assessment3PAWEB\vendor\codeigniter4\framework\system\CodeIgniter.php(336): CodeIgniter\CodeIgniter->handleRequest(NULL, Object(Config\Cache), false)
#8 C:\xampp\htdocs\Assessment3PAWEB\public\index.php(37): CodeIgniter\CodeIgniter->run()
#9 C:\xampp\htdocs\Assessment3PAWEB\vendor\codeigniter4\framework\system\Commands\Server\rewrite.php(45): require_once('C:\\xampp\\htdocs...')
#10 {main}
CRITICAL - 2021-06-23 06:46:44 --> Undefined variable: id
#0 C:\xampp\htdocs\Assessment3PAWEB\app\Views\pages\edit.php(18): CodeIgniter\Debug\Exceptions->errorHandler(8, 'Undefined varia...', 'C:\\xampp\\htdocs...', 18, Array)
#1 C:\xampp\htdocs\Assessment3PAWEB\vendor\codeigniter4\framework\system\View\View.php(230): include('C:\\xampp\\htdocs...')
#2 C:\xampp\htdocs\Assessment3PAWEB\vendor\codeigniter4\framework\system\View\View.php(232): CodeIgniter\View\View->CodeIgniter\View\{closure}()
#3 C:\xampp\htdocs\Assessment3PAWEB\vendor\codeigniter4\framework\system\Common.php(1271): CodeIgniter\View\View->render('pages/edit', Array, true)
#4 C:\xampp\htdocs\Assessment3PAWEB\app\Controllers\Home.php(82): view('pages/edit', Array)
#5 C:\xampp\htdocs\Assessment3PAWEB\vendor\codeigniter4\framework\system\CodeIgniter.php(928): App\Controllers\Home->edit('1')
#6 C:\xampp\htdocs\Assessment3PAWEB\vendor\codeigniter4\framework\system\CodeIgniter.php(436): CodeIgniter\CodeIgniter->runController(Object(App\Controllers\Home))
#7 C:\xampp\htdocs\Assessment3PAWEB\vendor\codeigniter4\framework\system\CodeIgniter.php(336): CodeIgniter\CodeIgniter->handleRequest(NULL, Object(Config\Cache), false)
#8 C:\xampp\htdocs\Assessment3PAWEB\public\index.php(37): CodeIgniter\CodeIgniter->run()
#9 C:\xampp\htdocs\Assessment3PAWEB\vendor\codeigniter4\framework\system\Commands\Server\rewrite.php(45): require_once('C:\\xampp\\htdocs...')
#10 {main}
CRITICAL - 2021-06-23 06:47:22 --> Undefined variable: title
#0 C:\xampp\htdocs\Assessment3PAWEB\app\Views\layout\template.php(13): CodeIgniter\Debug\Exceptions->errorHandler(8, 'Undefined varia...', 'C:\\xampp\\htdocs...', 13, Array)
#1 C:\xampp\htdocs\Assessment3PAWEB\vendor\codeigniter4\framework\system\View\View.php(230): include('C:\\xampp\\htdocs...')
#2 C:\xampp\htdocs\Assessment3PAWEB\vendor\codeigniter4\framework\system\View\View.php(232): CodeIgniter\View\View->CodeIgniter\View\{closure}()
#3 C:\xampp\htdocs\Assessment3PAWEB\vendor\codeigniter4\framework\system\View\View.php(246): CodeIgniter\View\View->render('layout/template', Array, true)
#4 C:\xampp\htdocs\Assessment3PAWEB\vendor\codeigniter4\framework\system\Common.php(1271): CodeIgniter\View\View->render('pages/edit', Array, true)
#5 C:\xampp\htdocs\Assessment3PAWEB\app\Controllers\Home.php(82): view('pages/edit', Array)
#6 C:\xampp\htdocs\Assessment3PAWEB\vendor\codeigniter4\framework\system\CodeIgniter.php(928): App\Controllers\Home->edit('1')
#7 C:\xampp\htdocs\Assessment3PAWEB\vendor\codeigniter4\framework\system\CodeIgniter.php(436): CodeIgniter\CodeIgniter->runController(Object(App\Controllers\Home))
#8 C:\xampp\htdocs\Assessment3PAWEB\vendor\codeigniter4\framework\system\CodeIgniter.php(336): CodeIgniter\CodeIgniter->handleRequest(NULL, Object(Config\Cache), false)
#9 C:\xampp\htdocs\Assessment3PAWEB\public\index.php(37): CodeIgniter\CodeIgniter->run()
#10 C:\xampp\htdocs\Assessment3PAWEB\vendor\codeigniter4\framework\system\Commands\Server\rewrite.php(45): require_once('C:\\xampp\\htdocs...')
#11 {main}
CRITICAL - 2021-06-23 06:53:42 --> There is no data to update.
#0 C:\xampp\htdocs\Assessment3PAWEB\vendor\codeigniter4\framework\system\BaseModel.php(1668): CodeIgniter\Database\Exceptions\DataException::forEmptyDataset('update')
#1 C:\xampp\htdocs\Assessment3PAWEB\vendor\codeigniter4\framework\system\BaseModel.php(880): CodeIgniter\BaseModel->transformDataToArray(NULL, 'update')
#2 C:\xampp\htdocs\Assessment3PAWEB\vendor\codeigniter4\framework\system\Model.php(718): CodeIgniter\BaseModel->update(Array, NULL)
#3 C:\xampp\htdocs\Assessment3PAWEB\app\Controllers\Home.php(111): CodeIgniter\Model->update(Array)
#4 C:\xampp\htdocs\Assessment3PAWEB\vendor\codeigniter4\framework\system\CodeIgniter.php(928): App\Controllers\Home->update()
#5 C:\xampp\htdocs\Assessment3PAWEB\vendor\codeigniter4\framework\system\CodeIgniter.php(436): CodeIgniter\CodeIgniter->runController(Object(App\Controllers\Home))
#6 C:\xampp\htdocs\Assessment3PAWEB\vendor\codeigniter4\framework\system\CodeIgniter.php(336): CodeIgniter\CodeIgniter->handleRequest(NULL, Object(Config\Cache), false)
#7 C:\xampp\htdocs\Assessment3PAWEB\public\index.php(37): CodeIgniter\CodeIgniter->run()
#8 C:\xampp\htdocs\Assessment3PAWEB\vendor\codeigniter4\framework\system\Commands\Server\rewrite.php(45): require_once('C:\\xampp\\htdocs...')
#9 {main}
CRITICAL - 2021-06-23 06:58:17 --> There is no data to update.
#0 C:\xampp\htdocs\Assessment3PAWEB\vendor\codeigniter4\framework\system\BaseModel.php(1668): CodeIgniter\Database\Exceptions\DataException::forEmptyDataset('update')
#1 C:\xampp\htdocs\Assessment3PAWEB\vendor\codeigniter4\framework\system\BaseModel.php(880): CodeIgniter\BaseModel->transformDataToArray(NULL, 'update')
#2 C:\xampp\htdocs\Assessment3PAWEB\vendor\codeigniter4\framework\system\Model.php(718): CodeIgniter\BaseModel->update(Array, NULL)
#3 C:\xampp\htdocs\Assessment3PAWEB\app\Controllers\Home.php(123): CodeIgniter\Model->update(Array)
#4 C:\xampp\htdocs\Assessment3PAWEB\vendor\codeigniter4\framework\system\CodeIgniter.php(928): App\Controllers\Home->update()
#5 C:\xampp\htdocs\Assessment3PAWEB\vendor\codeigniter4\framework\system\CodeIgniter.php(436): CodeIgniter\CodeIgniter->runController(Object(App\Controllers\Home))
#6 C:\xampp\htdocs\Assessment3PAWEB\vendor\codeigniter4\framework\system\CodeIgniter.php(336): CodeIgniter\CodeIgniter->handleRequest(NULL, Object(Config\Cache), false)
#7 C:\xampp\htdocs\Assessment3PAWEB\public\index.php(37): CodeIgniter\CodeIgniter->run()
#8 C:\xampp\htdocs\Assessment3PAWEB\vendor\codeigniter4\framework\system\Commands\Server\rewrite.php(45): require_once('C:\\xampp\\htdocs...')
#9 {main}
CRITICAL - 2021-06-23 07:30:01 --> Undefined variable: id
#0 C:\xampp\htdocs\Assessment3PAWEB\app\Views\pages\edit.php(22): CodeIgniter\Debug\Exceptions->errorHandler(8, 'Undefined varia...', 'C:\\xampp\\htdocs...', 22, Array)
#1 C:\xampp\htdocs\Assessment3PAWEB\vendor\codeigniter4\framework\system\View\View.php(230): include('C:\\xampp\\htdocs...')
#2 C:\xampp\htdocs\Assessment3PAWEB\vendor\codeigniter4\framework\system\View\View.php(232): CodeIgniter\View\View->CodeIgniter\View\{closure}()
#3 C:\xampp\htdocs\Assessment3PAWEB\vendor\codeigniter4\framework\system\Common.php(1271): CodeIgniter\View\View->render('pages/edit', Array, true)
#4 C:\xampp\htdocs\Assessment3PAWEB\app\Controllers\Home.php(83): view('pages/edit', Array)
#5 C:\xampp\htdocs\Assessment3PAWEB\vendor\codeigniter4\framework\system\CodeIgniter.php(928): App\Controllers\Home->edit('1')
#6 C:\xampp\htdocs\Assessment3PAWEB\vendor\codeigniter4\framework\system\CodeIgniter.php(436): CodeIgniter\CodeIgniter->runController(Object(App\Controllers\Home))
#7 C:\xampp\htdocs\Assessment3PAWEB\vendor\codeigniter4\framework\system\CodeIgniter.php(336): CodeIgniter\CodeIgniter->handleRequest(NULL, Object(Config\Cache), false)
#8 C:\xampp\htdocs\Assessment3PAWEB\public\index.php(37): CodeIgniter\CodeIgniter->run()
#9 C:\xampp\htdocs\Assessment3PAWEB\vendor\codeigniter4\framework\system\Commands\Server\rewrite.php(45): require_once('C:\\xampp\\htdocs...')
#10 {main}
CRITICAL - 2021-06-23 07:31:42 --> Undefined variable: id
#0 C:\xampp\htdocs\Assessment3PAWEB\app\Views\pages\edit.php(22): CodeIgniter\Debug\Exceptions->errorHandler(8, 'Undefined varia...', 'C:\\xampp\\htdocs...', 22, Array)
#1 C:\xampp\htdocs\Assessment3PAWEB\vendor\codeigniter4\framework\system\View\View.php(230): include('C:\\xampp\\htdocs...')
#2 C:\xampp\htdocs\Assessment3PAWEB\vendor\codeigniter4\framework\system\View\View.php(232): CodeIgniter\View\View->CodeIgniter\View\{closure}()
#3 C:\xampp\htdocs\Assessment3PAWEB\vendor\codeigniter4\framework\system\Common.php(1271): CodeIgniter\View\View->render('pages/edit', Array, true)
#4 C:\xampp\htdocs\Assessment3PAWEB\app\Controllers\Home.php(83): view('pages/edit', Array)
#5 C:\xampp\htdocs\Assessment3PAWEB\vendor\codeigniter4\framework\system\CodeIgniter.php(928): App\Controllers\Home->edit('1')
#6 C:\xampp\htdocs\Assessment3PAWEB\vendor\codeigniter4\framework\system\CodeIgniter.php(436): CodeIgniter\CodeIgniter->runController(Object(App\Controllers\Home))
#7 C:\xampp\htdocs\Assessment3PAWEB\vendor\codeigniter4\framework\system\CodeIgniter.php(336): CodeIgniter\CodeIgniter->handleRequest(NULL, Object(Config\Cache), false)
#8 C:\xampp\htdocs\Assessment3PAWEB\public\index.php(37): CodeIgniter\CodeIgniter->run()
#9 C:\xampp\htdocs\Assessment3PAWEB\vendor\codeigniter4\framework\system\Commands\Server\rewrite.php(45): require_once('C:\\xampp\\htdocs...')
#10 {main}
CRITICAL - 2021-06-23 07:36:43 --> Undefined variable: id
#0 C:\xampp\htdocs\Assessment3PAWEB\app\Views\pages\edit.php(22): CodeIgniter\Debug\Exceptions->errorHandler(8, 'Undefined varia...', 'C:\\xampp\\htdocs...', 22, Array)
#1 C:\xampp\htdocs\Assessment3PAWEB\vendor\codeigniter4\framework\system\View\View.php(230): include('C:\\xampp\\htdocs...')
#2 C:\xampp\htdocs\Assessment3PAWEB\vendor\codeigniter4\framework\system\View\View.php(232): CodeIgniter\View\View->CodeIgniter\View\{closure}()
#3 C:\xampp\htdocs\Assessment3PAWEB\vendor\codeigniter4\framework\system\Common.php(1271): CodeIgniter\View\View->render('pages/edit', Array, true)
#4 C:\xampp\htdocs\Assessment3PAWEB\app\Controllers\Home.php(83): view('pages/edit', Array)
#5 C:\xampp\htdocs\Assessment3PAWEB\vendor\codeigniter4\framework\system\CodeIgniter.php(928): App\Controllers\Home->edit('1')
#6 C:\xampp\htdocs\Assessment3PAWEB\vendor\codeigniter4\framework\system\CodeIgniter.php(436): CodeIgniter\CodeIgniter->runController(Object(App\Controllers\Home))
#7 C:\xampp\htdocs\Assessment3PAWEB\vendor\codeigniter4\framework\system\CodeIgniter.php(336): CodeIgniter\CodeIgniter->handleRequest(NULL, Object(Config\Cache), false)
#8 C:\xampp\htdocs\Assessment3PAWEB\public\index.php(37): CodeIgniter\CodeIgniter->run()
#9 C:\xampp\htdocs\Assessment3PAWEB\vendor\codeigniter4\framework\system\Commands\Server\rewrite.php(45): require_once('C:\\xampp\\htdocs...')
#10 {main}
